[debug] [2025-08-07T18:24:17.527Z] ----------------------------------------------------------------------
[debug] [2025-08-07T18:24:17.532Z] Command:       C:\Program Files\nodejs\node.exe C:\Users\user\AppData\Roaming\npm\node_modules\firebase-tools\lib\bin\firebase.js init hosting
[debug] [2025-08-07T18:24:17.533Z] CLI Version:   14.12.0
[debug] [2025-08-07T18:24:17.533Z] Platform:      win32
[debug] [2025-08-07T18:24:17.533Z] Node Version:  v22.17.1
[debug] [2025-08-07T18:24:17.534Z] Time:          Thu Aug 07 2025 23:54:17 GMT+0530 (India Standard Time)
[debug] [2025-08-07T18:24:17.534Z] ----------------------------------------------------------------------
[debug] 
[debug] [2025-08-07T18:24:17.542Z] > command requires scopes: ["email","openid","https://www.googleapis.com/auth/cloudplatformprojects.readonly","https://www.googleapis.com/auth/firebase","https://www.googleapis.com/auth/cloud-platform"]
[debug] [2025-08-07T18:24:17.542Z] > authorizing via signed-in user (ratulbanik2004@gmail.com)
[info] 
     ######## #### ########  ######## ########     ###     ######  ########
     ##        ##  ##     ## ##       ##     ##  ##   ##  ##       ##
     ######    ##  ########  ######   ########  #########  ######  ######
     ##        ##  ##    ##  ##       ##     ## ##     ##       ## ##
     ##       #### ##     ## ######## ########  ##     ##  ######  ########

You're about to initialize a Firebase project in this directory:

  G:\Gas_sensing\client

[info] 
=== Project Setup
[info] 
[info] First, let's associate this project directory with a Firebase project.
[info] You can create multiple project aliases by running firebase use --add, 
[info] but for now we'll just set up a default project.
[info] 
[debug] [2025-08-07T18:26:48.227Z] ExitPromptError: User force closed the prompt with SIGINT
    at Interface.sigint (C:\Users\user\AppData\Roaming\npm\node_modules\firebase-tools\node_modules\@inquirer\core\dist\commonjs\lib\create-prompt.js:101:37)
    at Interface.emit (node:events:518:28)
    at Interface.emit (node:domain:489:12)
    at [_ttyWrite] [as _ttyWrite] (node:internal/readline/interface:1132:18)
    at ReadStream.onkeypress (node:internal/readline/interface:271:20)
    at ReadStream.emit (node:events:530:35)
    at ReadStream.emit (node:domain:489:12)
    at emitKeys (node:internal/readline/utils:370:14)
    at emitKeys.next (<anonymous>)
    at ReadStream.onData (node:internal/readline/emitKeypressEvents:64:36)
[error] 
[error] Error: An unexpected error has occurred.
[debug] [2025-08-07T18:30:53.354Z] ----------------------------------------------------------------------
[debug] [2025-08-07T18:30:53.357Z] Command:       C:\Program Files\nodejs\node.exe C:\Users\user\AppData\Roaming\npm\node_modules\firebase-tools\lib\bin\firebase.js init hosting
[debug] [2025-08-07T18:30:53.357Z] CLI Version:   14.12.0
[debug] [2025-08-07T18:30:53.357Z] Platform:      win32
[debug] [2025-08-07T18:30:53.357Z] Node Version:  v22.17.1
[debug] [2025-08-07T18:30:53.358Z] Time:          Fri Aug 08 2025 00:00:53 GMT+0530 (India Standard Time)
[debug] [2025-08-07T18:30:53.358Z] ----------------------------------------------------------------------
[debug] 
[debug] [2025-08-07T18:30:53.362Z] > command requires scopes: ["email","openid","https://www.googleapis.com/auth/cloudplatformprojects.readonly","https://www.googleapis.com/auth/firebase","https://www.googleapis.com/auth/cloud-platform"]
[debug] [2025-08-07T18:30:53.362Z] > authorizing via signed-in user (ratulbanik2004@gmail.com)
[info] 
     ######## #### ########  ######## ########     ###     ######  ########
     ##        ##  ##     ## ##       ##     ##  ##   ##  ##       ##
     ######    ##  ########  ######   ########  #########  ######  ######
     ##        ##  ##    ##  ##       ##     ## ##     ##       ## ##
     ##       #### ##     ## ######## ########  ##     ##  ######  ########

You're about to initialize a Firebase project in this directory:

  G:\Gas_sensing\client

[info] 
=== Project Setup
[info] 
[info] First, let's associate this project directory with a Firebase project.
[info] You can create multiple project aliases by running firebase use --add, 
[info] but for now we'll just set up a default project.
[info] 
[info] i  If you want to create a project in a Google Cloud organization or folder, please use "firebase projects:create" instead, and return to this command when you've created the project. 
[debug] [2025-08-07T18:32:03.206Z] Checked if tokens are valid: true, expires at: 1754594643908
[debug] [2025-08-07T18:32:03.206Z] Checked if tokens are valid: true, expires at: 1754594643908
[debug] [2025-08-07T18:32:03.208Z] >>> [apiv2][query] POST https://firebase.googleapis.com/v1/projects:checkProjectId [none]
[debug] [2025-08-07T18:32:03.208Z] >>> [apiv2][body] POST https://firebase.googleapis.com/v1/projects:checkProjectId {"proposedId":"GAS-SENSE"}
[debug] [2025-08-07T18:32:04.122Z] <<< [apiv2][status] POST https://firebase.googleapis.com/v1/projects:checkProjectId 200
[debug] [2025-08-07T18:32:04.122Z] <<< [apiv2][body] POST https://firebase.googleapis.com/v1/projects:checkProjectId {"projectIdStatus":"PROJECT_ID_NOT_VALID","suggestedProjectId":"gas-sense-580e2"}
[debug] [2025-08-07T18:32:25.133Z] Checked if tokens are valid: true, expires at: 1754594643908
[debug] [2025-08-07T18:32:25.133Z] Checked if tokens are valid: true, expires at: 1754594643908
[debug] [2025-08-07T18:32:25.134Z] >>> [apiv2][query] POST https://firebase.googleapis.com/v1/projects:checkProjectId [none]
[debug] [2025-08-07T18:32:25.134Z] >>> [apiv2][body] POST https://firebase.googleapis.com/v1/projects:checkProjectId {"proposedId":"esp8266"}
[debug] [2025-08-07T18:32:26.014Z] <<< [apiv2][status] POST https://firebase.googleapis.com/v1/projects:checkProjectId 200
[debug] [2025-08-07T18:32:26.014Z] <<< [apiv2][body] POST https://firebase.googleapis.com/v1/projects:checkProjectId {"projectIdStatus":"PROJECT_ID_UNAVAILABLE","suggestedProjectId":"esp8266-75283"}
[debug] [2025-08-07T18:32:59.261Z] Checked if tokens are valid: true, expires at: 1754594643908
[debug] [2025-08-07T18:32:59.261Z] Checked if tokens are valid: true, expires at: 1754594643908
[debug] [2025-08-07T18:32:59.262Z] >>> [apiv2][query] POST https://firebase.googleapis.com/v1/projects:checkProjectId [none]
[debug] [2025-08-07T18:32:59.262Z] >>> [apiv2][body] POST https://firebase.googleapis.com/v1/projects:checkProjectId {"proposedId":"esp8266 project"}
[debug] [2025-08-07T18:33:00.217Z] <<< [apiv2][status] POST https://firebase.googleapis.com/v1/projects:checkProjectId 200
[debug] [2025-08-07T18:33:00.218Z] <<< [apiv2][body] POST https://firebase.googleapis.com/v1/projects:checkProjectId {"projectIdStatus":"PROJECT_ID_NOT_VALID","suggestedProjectId":"esp8266-project-3f562"}
[debug] [2025-08-07T18:34:05.997Z] Checked if tokens are valid: true, expires at: 1754594643908
[debug] [2025-08-07T18:34:05.997Z] Checked if tokens are valid: true, expires at: 1754594643908
[debug] [2025-08-07T18:34:05.998Z] >>> [apiv2][query] POST https://firebase.googleapis.com/v1/projects:checkProjectId [none]
[debug] [2025-08-07T18:34:05.998Z] >>> [apiv2][body] POST https://firebase.googleapis.com/v1/projects:checkProjectId {"proposedId":"esp8266_gas"}
[debug] [2025-08-07T18:34:06.266Z] <<< [apiv2][status] POST https://firebase.googleapis.com/v1/projects:checkProjectId 400
[debug] [2025-08-07T18:34:06.266Z] <<< [apiv2][body] POST https://firebase.googleapis.com/v1/projects:checkProjectId {"error":{"code":400,"message":"Request contains an invalid argument.","status":"INVALID_ARGUMENT"}}
[debug] [2025-08-07T18:34:06.268Z] Couldn't check if project ID esp8266_gas is available. Original error: FirebaseError: Failed to check if project ID is available. See firebase-debug.log for more info.
[debug] [2025-08-07T18:34:20.507Z] Checked if tokens are valid: true, expires at: 1754594643908
[debug] [2025-08-07T18:34:20.507Z] Checked if tokens are valid: true, expires at: 1754594643908
[debug] [2025-08-07T18:34:20.507Z] >>> [apiv2][query] POST https://cloudresourcemanager.googleapis.com/v1/projects [none]
[debug] [2025-08-07T18:34:20.507Z] >>> [apiv2][body] POST https://cloudresourcemanager.googleapis.com/v1/projects {"projectId":"esp8266_gas","name":"esp8266_gas"}
[debug] [2025-08-07T18:34:21.869Z] <<< [apiv2][status] POST https://cloudresourcemanager.googleapis.com/v1/projects 400
[debug] [2025-08-07T18:34:21.869Z] <<< [apiv2][body] POST https://cloudresourcemanager.googleapis.com/v1/projects {"error":{"code":400,"message":"Request contains an invalid argument.","status":"INVALID_ARGUMENT","details":[{"@type":"type.googleapis.com/google.rpc.BadRequest","fieldViolations":[{"field":"project_id","description":"project_id contains invalid characters"},{"field":"display_name","description":"project display name contains invalid characters"}]},{"@type":"type.googleapis.com/google.rpc.Help","links":[{"url":"https://cloud.google.com/resource-manager/reference/rest/v1/projects"}]}]}}
[debug] [2025-08-07T18:34:22.067Z] FirebaseError: Request to https://cloudresourcemanager.googleapis.com/v1/projects had HTTP Error: 400, Request contains an invalid argument.
    at responseToError (C:\Users\user\AppData\Roaming\npm\node_modules\firebase-tools\lib\responseToError.js:52:12)
    at RetryOperation._fn (C:\Users\user\AppData\Roaming\npm\node_modules\firebase-tools\lib\apiv2.js:312:77)
    at process.processTicksAndRejections (node:internal/process/task_queues:105:5)
[error] 
[error] Error: Failed to create project. See firebase-debug.log for more info.
